<?xml version="1.0" encoding="UTF-8"?>
<!-- Generated by org.testng.reporters.JUnitReportReporter -->
<testsuite hostname="Purushothams-MacBook-Air.local" failures="0" tests="1" name="runner.TestRunner" time="2.387" errors="0" timestamp="2019-10-27T18:17:58 GMT" skipped="0">
  <testcase classname="runner.TestRunner" name="scenario" time="2.387"/>
</testsuite> <!-- runner.TestRunner -->
